<?xml version="1.0" encoding="UTF-8"?>
<!-- Generated by org.testng.reporters.JUnitReportReporter -->
<testsuite hostname="TYSS-MF-052" name="com.tyss.scripts.Sample" tests="1" failures="0" timestamp="5 Feb 2016 09:55:27 GMT" time="8.087" errors="0">
  <testcase name="test" time="8.087" classname="com.tyss.scripts.Sample"/>
</testsuite> <!-- com.tyss.scripts.Sample -->
