<?xml version="1.0" encoding="UTF-8"?>
<!-- Generated by org.testng.reporters.JUnitReportReporter -->
<testsuite hostname="TYSS-MF-052" name="com.tyss.scripts.StackOverflowLogin" tests="3" failures="0" timestamp="3 Feb 2016 09:52:11 GMT" time="15.222" errors="0">
  <testcase name="login" time="3.137" classname="com.tyss.scripts.StackOverflowLogin"/>
  <testcase name="login" time="4.373" classname="com.tyss.scripts.StackOverflowLogin"/>
  <testcase name="login" time="7.712" classname="com.tyss.scripts.StackOverflowLogin"/>
</testsuite> <!-- com.tyss.scripts.StackOverflowLogin -->
